<?xml version="1.0" encoding="UTF-8"?>
<!-- Generated by org.testng.reporters.JUnitXMLReporter -->
<testsuite ignored="0" hostname="DESKTOP-73T78UR" failures="1" tests="2" name="validateTitleTest" time="101.572" errors="0" timestamp="2021-05-22T17:15:04 MST">
  <testcase classname="Academy.validateTitle" name="basePageNavigation" time="3.728">
    <failure type="java.lang.AssertionError" message="expected [FEAfgdfgdfgTURED COURSES] but found [FEATURED COURSES]">
      <![CDATA[java.lang.AssertionError: expected [FEAfgdfgdfgTURED COURSES] but found [FEATURED COURSES]
at Academy.validateTitle.basePageNavigation(validateTitle.java:35)
at java.base/java.util.ArrayList.forEach(ArrayList.java:1511)
at java.base/java.util.concurrent.FutureTask.run(FutureTask.java:264)
at java.base/java.util.concurrent.ThreadPoolExecutor.runWorker(ThreadPoolExecutor.java:1130)
at java.base/java.util.concurrent.ThreadPoolExecutor$Worker.run(ThreadPoolExecutor.java:630)
at java.base/java.lang.Thread.run(Thread.java:832)
... Removed 24 stack frames]]>
    </failure>
  </testcase> <!-- basePageNavigation -->
  <testcase classname="Academy.validateTitle" name="validateHeader" time="2.067"/>
</testsuite> <!-- validateTitleTest -->
