<?xml version="1.0" encoding="UTF-8"?>
<testsuite xmlns:xsi="http://www.w3.org/2001/XMLSchema-instance" xsi:noNamespaceSchemaLocation="https://maven.apache.org/surefire/maven-surefire-plugin/xsd/surefire-test-report.xsd" name="TestSuite" time="26.994" tests="9" errors="0" skipped="6" failures="3">
  <properties>
[...]
</properties>
  <testcase name="initialize" classname="Academy.validateNavigation" time="11.537">
    <failure message="Driver server process died prematurely.&#10;Build info: version: &apos;4.0.0-alpha-7&apos;, revision: &apos;de8579b6d5&apos;&#10;System info: host: &apos;DESKTOP-73T78UR&apos;, ip: &apos;192.168.43.174&apos;, os.name: &apos;Windows 10&apos;, os.arch: &apos;amd64&apos;, os.version: &apos;10.0&apos;, java.version: &apos;16.0.1&apos;&#10;Driver info: driver.version: ChromeDriver" type="org.openqa.selenium.WebDriverException">org.openqa.selenium.WebDriverException: 
Driver server process died prematurely.
Build info: version: '4.0.0-alpha-7', revision: 'de8579b6d5'
System info: host: 'DESKTOP-73T78UR', ip: '192.168.43.174', os.name: 'Windows 10', os.arch: 'amd64', os.version: '10.0', java.version: '16.0.1'
Driver info: driver.version: ChromeDriver
	at Academy.validateNavigation.initialize(validateNavigation.java:25)
</failure>
    <system-out><![CDATA[chrome
chromegfhdghh
rahul1
rahulpiwal2
rahulpiwa3
]]></system-out>
    <system-err><![CDATA[SLF4J: Failed to load class "org.slf4j.impl.StaticLoggerBinder".
SLF4J: Defaulting to no-operation (NOP) logger implementation
SLF4J: See http://www.slf4j.org/codes.html#StaticLoggerBinder for further details.
]]></system-err>
  </testcase>
  <testcase name="basePageNavigation" classname="Academy.validateNavigation" time="0">
    <skipped message="Driver server process died prematurely.&#10;Build info: version: &apos;4.0.0-alpha-7&apos;, revision: &apos;de8579b6d5&apos;&#10;System info: host: &apos;DESKTOP-73T78UR&apos;, ip: &apos;192.168.43.174&apos;, os.name: &apos;Windows 10&apos;, os.arch: &apos;amd64&apos;, os.version: &apos;10.0&apos;, java.version: &apos;16.0.1&apos;&#10;Driver info: driver.version: ChromeDriver"/>
  </testcase>
  <testcase name="browserClose" classname="Academy.validateNavigation" time="0">
    <skipped/>
  </testcase>
  <testcase name="initialize" classname="Academy.HomePage" time="2.581">
    <failure message="Driver server process died prematurely.&#10;Build info: version: &apos;4.0.0-alpha-7&apos;, revision: &apos;de8579b6d5&apos;&#10;System info: host: &apos;DESKTOP-73T78UR&apos;, ip: &apos;192.168.43.174&apos;, os.name: &apos;Windows 10&apos;, os.arch: &apos;amd64&apos;, os.version: &apos;10.0&apos;, java.version: &apos;16.0.1&apos;&#10;Driver info: driver.version: ChromeDriver" type="org.openqa.selenium.WebDriverException">org.openqa.selenium.WebDriverException: 
Driver server process died prematurely.
Build info: version: '4.0.0-alpha-7', revision: 'de8579b6d5'
System info: host: 'DESKTOP-73T78UR', ip: '192.168.43.174', os.name: 'Windows 10', os.arch: 'amd64', os.version: '10.0', java.version: '16.0.1'
Driver info: driver.version: ChromeDriver
	at Academy.HomePage.initialize(HomePage.java:24)
</failure>
    <system-out><![CDATA[chrome
chromegfhdghh
rahul1
rahulpiwal2
rahulpiwa3
]]></system-out>
  </testcase>
  <testcase name="basePageNavigation" classname="Academy.HomePage" time="0">
    <skipped message="Driver server process died prematurely.&#10;Build info: version: &apos;4.0.0-alpha-7&apos;, revision: &apos;de8579b6d5&apos;&#10;System info: host: &apos;DESKTOP-73T78UR&apos;, ip: &apos;192.168.43.174&apos;, os.name: &apos;Windows 10&apos;, os.arch: &apos;amd64&apos;, os.version: &apos;10.0&apos;, java.version: &apos;16.0.1&apos;&#10;Driver info: driver.version: ChromeDriver"/>
  </testcase>
  <testcase name="browserClose" classname="Academy.HomePage" time="0">
    <skipped/>
  </testcase>
  <testcase name="initialize" classname="Academy.validateTitle" time="12.107">
    <failure message="Driver server process died prematurely.&#10;Build info: version: &apos;4.0.0-alpha-7&apos;, revision: &apos;de8579b6d5&apos;&#10;System info: host: &apos;DESKTOP-73T78UR&apos;, ip: &apos;192.168.43.174&apos;, os.name: &apos;Windows 10&apos;, os.arch: &apos;amd64&apos;, os.version: &apos;10.0&apos;, java.version: &apos;16.0.1&apos;&#10;Driver info: driver.version: ChromeDriver" type="org.openqa.selenium.WebDriverException">org.openqa.selenium.WebDriverException: 
Driver server process died prematurely.
Build info: version: '4.0.0-alpha-7', revision: 'de8579b6d5'
System info: host: 'DESKTOP-73T78UR', ip: '192.168.43.174', os.name: 'Windows 10', os.arch: 'amd64', os.version: '10.0', java.version: '16.0.1'
Driver info: driver.version: ChromeDriver
	at Academy.validateTitle.initialize(validateTitle.java:24)
</failure>
    <system-out><![CDATA[chrome
chromegfhdghh
rahul1
rahulpiwal2
rahulpiwa3
]]></system-out>
  </testcase>
  <testcase name="basePageNavigation" classname="Academy.validateTitle" time="0">
    <skipped message="Driver server process died prematurely.&#10;Build info: version: &apos;4.0.0-alpha-7&apos;, revision: &apos;de8579b6d5&apos;&#10;System info: host: &apos;DESKTOP-73T78UR&apos;, ip: &apos;192.168.43.174&apos;, os.name: &apos;Windows 10&apos;, os.arch: &apos;amd64&apos;, os.version: &apos;10.0&apos;, java.version: &apos;16.0.1&apos;&#10;Driver info: driver.version: ChromeDriver"/>
  </testcase>
  <testcase name="browserClose" classname="Academy.validateTitle" time="0">
    <skipped/>
  </testcase>
</testsuite>