<?xml version="1.0" encoding="UTF-8"?>
<testng-results ignored="0" total="4" passed="3" failed="1" skipped="0">
  <reporter-output>
  </reporter-output>
  <suite started-at="2021-05-22T17:13:21 MST" name="Suite" finished-at="2021-05-22T17:15:03 MST" duration-ms="101575">
    <groups>
    </groups>
    <test started-at="2021-05-22T17:13:21 MST" name="validateTitleTest" finished-at="2021-05-22T17:15:03 MST" duration-ms="101572">
      <class name="Academy.validateTitle">
        <test-method is-config="true" signature="initialize()[pri:0, instance:Academy.validateTitle@21ec5d87]" started-at="2021-05-22T17:13:21 MST" name="initialize" finished-at="2021-05-22T17:14:32 MST" duration-ms="70918" status="PASS">
          <reporter-output>
          </reporter-output>
        </test-method> <!-- initialize -->
        <test-method signature="basePageNavigation()[pri:0, instance:Academy.validateTitle@21ec5d87]" started-at="2021-05-22T17:14:33 MST" name="basePageNavigation" finished-at="2021-05-22T17:14:36 MST" duration-ms="3728" status="FAIL">
          <exception class="java.lang.AssertionError">
            <message>
              <![CDATA[expected [FEAfgdfgdfgTURED COURSES] but found [FEATURED COURSES]]]>
            </message>
            <full-stacktrace>
              <![CDATA[java.lang.AssertionError: expected [FEAfgdfgdfgTURED COURSES] but found [FEATURED COURSES]
at org.testng.Assert.fail(Assert.java:99)
at org.testng.Assert.failNotEquals(Assert.java:1037)
at org.testng.Assert.assertEqualsImpl(Assert.java:140)
at org.testng.Assert.assertEquals(Assert.java:122)
at org.testng.Assert.assertEquals(Assert.java:629)
at org.testng.Assert.assertEquals(Assert.java:639)
at Academy.validateTitle.basePageNavigation(validateTitle.java:35)
at java.base/jdk.internal.reflect.NativeMethodAccessorImpl.invoke0(Native Method)
at java.base/jdk.internal.reflect.NativeMethodAccessorImpl.invoke(NativeMethodAccessorImpl.java:64)
at java.base/jdk.internal.reflect.DelegatingMethodAccessorImpl.invoke(DelegatingMethodAccessorImpl.java:43)
at java.base/java.lang.reflect.Method.invoke(Method.java:564)
at org.testng.internal.MethodInvocationHelper.invokeMethod(MethodInvocationHelper.java:132)
at org.testng.internal.TestInvoker.invokeMethod(TestInvoker.java:599)
at org.testng.internal.TestInvoker.invokeTestMethod(TestInvoker.java:174)
at org.testng.internal.MethodRunner.runInSequence(MethodRunner.java:46)
at org.testng.internal.TestInvoker$MethodInvocationAgent.invoke(TestInvoker.java:822)
at org.testng.internal.TestInvoker.invokeTestMethods(TestInvoker.java:147)
at org.testng.internal.TestMethodWorker.invokeTestMethods(TestMethodWorker.java:146)
at org.testng.internal.TestMethodWorker.run(TestMethodWorker.java:128)
at java.base/java.util.ArrayList.forEach(ArrayList.java:1511)
at org.testng.TestRunner.privateRun(TestRunner.java:764)
at org.testng.TestRunner.run(TestRunner.java:585)
at org.testng.SuiteRunner.runTest(SuiteRunner.java:384)
at org.testng.SuiteRunner.access$000(SuiteRunner.java:28)
at org.testng.SuiteRunner$SuiteWorker.run(SuiteRunner.java:425)
at org.testng.internal.thread.ThreadUtil.lambda$execute$0(ThreadUtil.java:66)
at java.base/java.util.concurrent.FutureTask.run(FutureTask.java:264)
at java.base/java.util.concurrent.ThreadPoolExecutor.runWorker(ThreadPoolExecutor.java:1130)
at java.base/java.util.concurrent.ThreadPoolExecutor$Worker.run(ThreadPoolExecutor.java:630)
at java.base/java.lang.Thread.run(Thread.java:832)
]]>
            </full-stacktrace>
          </exception> <!-- java.lang.AssertionError -->
          <reporter-output>
          </reporter-output>
        </test-method> <!-- basePageNavigation -->
        <test-method signature="validateHeader()[pri:0, instance:Academy.validateTitle@21ec5d87]" started-at="2021-05-22T17:14:44 MST" name="validateHeader" finished-at="2021-05-22T17:14:46 MST" duration-ms="2067" status="PASS">
          <reporter-output>
          </reporter-output>
        </test-method> <!-- validateHeader -->
        <test-method is-config="true" signature="browserClose()[pri:0, instance:Academy.validateTitle@21ec5d87]" started-at="2021-05-22T17:14:46 MST" name="browserClose" finished-at="2021-05-22T17:15:03 MST" duration-ms="16531" status="PASS">
          <reporter-output>
          </reporter-output>
        </test-method> <!-- browserClose -->
      </class> <!-- Academy.validateTitle -->
    </test> <!-- validateTitleTest -->
    <test started-at="2021-05-22T17:13:21 MST" name="validateNavigationTest" finished-at="2021-05-22T17:15:03 MST" duration-ms="101575">
      <class name="Academy.validateNavigation">
        <test-method is-config="true" signature="initialize()[pri:0, instance:Academy.validateNavigation@2f08c4b]" started-at="2021-05-22T17:13:21 MST" name="initialize" finished-at="2021-05-22T17:14:32 MST" duration-ms="70933" status="PASS">
          <reporter-output>
          </reporter-output>
        </test-method> <!-- initialize -->
        <test-method signature="basePageNavigation()[pri:0, instance:Academy.validateNavigation@2f08c4b]" started-at="2021-05-22T17:14:33 MST" name="basePageNavigation" finished-at="2021-05-22T17:14:37 MST" duration-ms="4143" status="PASS">
          <reporter-output>
          </reporter-output>
        </test-method> <!-- basePageNavigation -->
        <test-method is-config="true" signature="browserClose()[pri:0, instance:Academy.validateNavigation@2f08c4b]" started-at="2021-05-22T17:14:37 MST" name="browserClose" finished-at="2021-05-22T17:15:03 MST" duration-ms="26108" status="PASS">
          <reporter-output>
          </reporter-output>
        </test-method> <!-- browserClose -->
      </class> <!-- Academy.validateNavigation -->
    </test> <!-- validateNavigationTest -->
    <test started-at="2021-05-22T17:13:21 MST" name="HomePageTest" finished-at="2021-05-22T17:15:03 MST" duration-ms="101571">
      <class name="Academy.HomePage">
        <test-method is-config="true" signature="initialize()[pri:0, instance:Academy.HomePage@770d0ea6]" started-at="2021-05-22T17:13:21 MST" name="initialize" finished-at="2021-05-22T17:14:35 MST" duration-ms="73551" status="PASS">
          <reporter-output>
          </reporter-output>
        </test-method> <!-- initialize -->
        <test-method signature="basePageNavigation(java.lang.String, java.lang.String)[pri:0, instance:Academy.HomePage@770d0ea6]" started-at="2021-05-22T17:14:36 MST" name="basePageNavigation" data-provider="getData" finished-at="2021-05-22T17:14:51 MST" duration-ms="15227" status="PASS">
          <params>
            <param index="0">
              <value>
                <![CDATA[abc@gmail.com]]>
              </value>
            </param>
            <param index="1">
              <value>
                <![CDATA[123456]]>
              </value>
            </param>
          </params>
          <reporter-output>
          </reporter-output>
        </test-method> <!-- basePageNavigation -->
        <test-method is-config="true" signature="browserClose()[pri:0, instance:Academy.HomePage@770d0ea6]" started-at="2021-05-22T17:14:51 MST" name="browserClose" finished-at="2021-05-22T17:15:03 MST" duration-ms="11528" status="PASS">
          <reporter-output>
          </reporter-output>
        </test-method> <!-- browserClose -->
      </class> <!-- Academy.HomePage -->
    </test> <!-- HomePageTest -->
  </suite> <!-- Suite -->
</testng-results>
